<?xml version="1.0" encoding="UTF-8"?>
<!-- Generated by org.testng.reporters.JUnitReportReporter -->
<testsuite hostname="user-PC" name="ClassOne" tests="1" failures="0" timestamp="3 Aug 2018 06:01:48 GMT" time="0.060" errors="0">
  <testcase name="method2" time="0.060" classname="ClassOne"/>
</testsuite> <!-- ClassOne -->
